<?xml version="1.0" encoding="UTF-8"?>
<!-- Generated by org.testng.reporters.JUnitReportReporter -->
<testsuite hostname="DESKTOP-7L6SUKB" failures="0" tests="2" name="testcase.Testcase1" time="146.696" errors="0" timestamp="2024-08-31T07:25:02 GMT-07:00" skipped="0">
  <testcase classname="testcase.Testcase1" name="TestCaseInChrome" time="70.355"/>
  <system-out/>
  <testcase classname="testcase.Testcase1" name="TestCaseInFirefox" time="76.341"/>
  <system-out/>
</testsuite> <!-- testcase.Testcase1 -->
